{"name": "参数正确查询成功", "status": "failed", "statusDetails": {"message": "AssertionError", "trace": "self = <test_cases.test_order_query.TestOrderQuery object at 0x0000023AEAF46990>\ntitle = '参数正确查询成功'\norder_data = '{\"pageNum\":\"1\",\"pageSize\":\"10\",\"keyword\":\"订单\"}', status_code = 200\ncode = 0, msg = '成功', get_logger = <RootLogger root (INFO)>\nlogin = 'eyJhbGciOiJIUzUxMiJ9.eyJzdWIiOiJhZG1pbiIsImNyZWF0ZWQiOjE3Njc0MjMyMjY2OTYsImV4cCI6MTc2ODAyODAyNn0.wCL_7TmkYZ9ktr_ABZSZQl06DXSv62KuUDibcMQFbUYAyhUxnPJTZUsrdNUliS4QxJLB8G6FBhw9pkSvMENffw'\n\n    @pytest.mark.parametrize(\"title,order_data,status_code,code,msg\",datas)\n    @allure.title(\"{title}\")\n    @allure.severity(allure.severity_level.NORMAL)\n    def test_login_success(self,title,order_data,status_code,code,msg,get_logger,login):\n        get_logger.info(f\"开始执行用例：{title}\")\n        with allure.step(\"登录\"):\n            res = OrderQueryApi.order_query(login,order_data)\n        get_logger.info(res.text)\n        with allure.step(\"断言结果\"):\n>           AssertResult.assert_result(res,status_code,code,msg)\n\ntest_cases\\test_order_query.py:27: \n_ _ _ _ _ _ _ _ _ _ _ _ _ _ _ _ _ _ _ _ _ _ _ _ _ _ _ _ _ _ _ _ _ _ _ _ _ _ _ _\n\nres = <Response [405]>, status_code = 200, code = 0, msg = '成功'\n\n    @staticmethod\n    def assert_result(res,status_code=None,code=None,msg=None):\n        if status_code is not None:\n>           assert res.status_code == status_code\n                   ^^^^^^^^^^^^^^^^^^^^^^^^^^^^^^\nE           AssertionError\n\nutils\\assert_result.py:6: AssertionError"}, "steps": [{"name": "登录", "status": "passed", "start": 1767423227696, "stop": 1767423228460}, {"name": "断言结果", "status": "failed", "statusDetails": {"message": "AssertionError\n", "trace": "  File \"D:\\workspace\\mail\\test_cases\\test_order_query.py\", line 27, in test_login_success\n    AssertResult.assert_result(res,status_code,code,msg)\n    ~~~~~~~~~~~~~~~~~~~~~~~~~~^^^^^^^^^^^^^^^^^^^^^^^^^^\n  File \"D:\\workspace\\mail\\utils\\assert_result.py\", line 6, in assert_result\n    assert res.status_code == status_code\n           ^^^^^^^^^^^^^^^^^^^^^^^^^^^^^^\n"}, "start": 1767423228461, "stop": 1767423228461}], "attachments": [{"name": "log", "source": "cae33ed5-eb90-45e9-b782-baf026cefea4-attachment.txt", "type": "text/plain"}], "parameters": [{"name": "title", "value": "'参数正确查询成功'"}, {"name": "order_data", "value": "'{\"pageNum\":\"1\",\"pageSize\":\"10\",\"keyword\":\"订单\"}'"}, {"name": "status_code", "value": "200"}, {"name": "code", "value": "0"}, {"name": "msg", "value": "'成功'"}], "start": 1767423227696, "stop": 1767423228462, "uuid": "79d57994-5b62-4750-becc-243f26482ff1", "historyId": "9e0abe6fb3a66febfc895ca0c53d8c94", "testCaseId": "adb9cfb53c8344168c3aa57e3cf15f38", "fullName": "test_cases.test_order_query.TestOrderQuery#test_login_success", "labels": [{"name": "feature", "value": "搜索模块"}, {"name": "severity", "value": "normal"}, {"name": "story", "value": "搜索功能"}, {"name": "parentSuite", "value": "test_cases"}, {"name": "suite", "value": "test_order_query"}, {"name": "subSuite", "value": "TestOrderQuery"}, {"name": "host", "value": "Akiri的电脑"}, {"name": "thread", "value": "9000-MainThread"}, {"name": "framework", "value": "pytest"}, {"name": "language", "value": "cpython3"}, {"name": "package", "value": "test_cases.test_order_query"}], "titlePath": ["test_cases", "test_order_query.py", "TestOrderQuery"]}